PLINK v1.90p 64-bit (13 Feb 2023)
Options in effect:
  --cm-map data/genetic_map_chr22_combined_b37.txt 22
  --keep GBR_inds.txt
  --make-bed
  --out plink_files_GBR/chr22_cm
  --vcf vcf_files/chr22.vcf.gz

Hostname: DESKTOP-NH3FGR2
Working directory: /mnt/c/Users/Lingxiao Guan/Desktop/BIOSTAT 666/Final_Project
Start time: Thu Apr 18 23:55:51 2024

Random number seed: 1713498951
64183 MB RAM detected; reserving 32091 MB for main workspace.
--vcf: plink_files_GBR/chr22_cm-temporary.bed +
plink_files_GBR/chr22_cm-temporary.bim + plink_files_GBR/chr22_cm-temporary.fam
written.
491603 variants loaded from .bim file.
1092 people (0 males, 0 females, 1092 ambiguous) loaded from .fam.
Ambiguous sex IDs written to plink_files_GBR/chr22_cm.nosex .
--cm-map: 1 chromosome updated.
--keep: 88 people remaining.
Using 1 thread (no multithreaded calculations invoked).
Before main variant filters, 88 founders and 0 nonfounders present.
Calculating allele frequencies... done.
Total genotyping rate in remaining samples is exactly 1.
491603 variants and 88 people pass filters and QC.
Note: No phenotypes present.
--make-bed to plink_files_GBR/chr22_cm.bed + plink_files_GBR/chr22_cm.bim +
plink_files_GBR/chr22_cm.fam ... done.

End time: Thu Apr 18 23:56:03 2024
