PLINK v1.90p 64-bit (13 Feb 2023)
Options in effect:
  --cm-map data/genetic_map_chr15_combined_b37.txt 15
  --keep CEU_inds.txt
  --make-bed
  --out plink_files_CEU/chr15_cm
  --vcf vcf_files/chr15.vcf.gz

Hostname: DESKTOP-NH3FGR2
Working directory: /mnt/c/Users/Lingxiao Guan/Desktop/BIOSTAT 666/Final_Project
Start time: Thu Apr 18 23:37:19 2024

Random number seed: 1713497839
64183 MB RAM detected; reserving 32091 MB for main workspace.
--vcf: plink_files_CEU/chr15_cm-temporary.bed +
plink_files_CEU/chr15_cm-temporary.bim + plink_files_CEU/chr15_cm-temporary.fam
written.
1125303 variants loaded from .bim file.
1092 people (0 males, 0 females, 1092 ambiguous) loaded from .fam.
Ambiguous sex IDs written to plink_files_CEU/chr15_cm.nosex .
--cm-map: 1 chromosome updated.
--keep: 85 people remaining.
Using 1 thread (no multithreaded calculations invoked).
Before main variant filters, 85 founders and 0 nonfounders present.
Calculating allele frequencies... done.
Total genotyping rate in remaining samples is exactly 1.
1125303 variants and 85 people pass filters and QC.
Note: No phenotypes present.
--make-bed to plink_files_CEU/chr15_cm.bed + plink_files_CEU/chr15_cm.bim +
plink_files_CEU/chr15_cm.fam ... done.

End time: Thu Apr 18 23:37:47 2024
