PLINK v1.90p 64-bit (13 Feb 2023)
Options in effect:
  --cm-map ../data/genetic_map_chr5_combined_b37.txt 5
  --extract ../bmi/variants.txt
  --keep ../eur_inds.txt
  --make-bed
  --out ../bmi/plink_files/chr5_cm
  --vcf ../vcf_files/chr5.vcf.gz

Hostname: DESKTOP-NH3FGR2
Working directory: /mnt/c/Users/Lingxiao Guan/Desktop/BIOSTAT 666/Final_Project/gwas_scripts
Start time: Sun Apr 21 01:26:54 2024

Random number seed: 1713677214
64183 MB RAM detected; reserving 32091 MB for main workspace.
--vcf: ../bmi/plink_files/chr5_cm-temporary.bed +
../bmi/plink_files/chr5_cm-temporary.bim +
../bmi/plink_files/chr5_cm-temporary.fam written.
2519533 variants loaded from .bim file.
1092 people (0 males, 0 females, 1092 ambiguous) loaded from .fam.
Ambiguous sex IDs written to ../bmi/plink_files/chr5_cm.nosex .
--cm-map: 1 chromosome updated.
--extract: 75548 variants remaining.
--keep: 378 people remaining.
Using 1 thread (no multithreaded calculations invoked).
Before main variant filters, 378 founders and 0 nonfounders present.
Calculating allele frequencies... done.
Total genotyping rate in remaining samples is exactly 1.
75548 variants and 378 people pass filters and QC.
Note: No phenotypes present.
--make-bed to ../bmi/plink_files/chr5_cm.bed + ../bmi/plink_files/chr5_cm.bim +
../bmi/plink_files/chr5_cm.fam ... done.

End time: Sun Apr 21 01:27:40 2024
