PLINK v1.90p 64-bit (13 Feb 2023)
Options in effect:
  --cm-map ../data/genetic_map_chr8_combined_b37.txt 8
  --extract ../bmi/variants.txt
  --keep ../eur_inds.txt
  --make-bed
  --out ../bmi/plink_files/chr8_cm
  --vcf ../vcf_files/chr8.vcf.gz

Hostname: DESKTOP-NH3FGR2
Working directory: /mnt/c/Users/Lingxiao Guan/Desktop/BIOSTAT 666/Final_Project/gwas_scripts
Start time: Sun Apr 21 01:29:05 2024

Random number seed: 1713677345
64183 MB RAM detected; reserving 32091 MB for main workspace.
--vcf: ../bmi/plink_files/chr8_cm-temporary.bed +
../bmi/plink_files/chr8_cm-temporary.bim +
../bmi/plink_files/chr8_cm-temporary.fam written.
2174143 variants loaded from .bim file.
1092 people (0 males, 0 females, 1092 ambiguous) loaded from .fam.
Ambiguous sex IDs written to ../bmi/plink_files/chr8_cm.nosex .
--cm-map: 1 chromosome updated.
--extract: 65098 variants remaining.
--keep: 378 people remaining.
Using 1 thread (no multithreaded calculations invoked).
Before main variant filters, 378 founders and 0 nonfounders present.
Calculating allele frequencies... done.
Total genotyping rate in remaining samples is exactly 1.
65098 variants and 378 people pass filters and QC.
Note: No phenotypes present.
--make-bed to ../bmi/plink_files/chr8_cm.bed + ../bmi/plink_files/chr8_cm.bim +
../bmi/plink_files/chr8_cm.fam ... done.

End time: Sun Apr 21 01:29:45 2024
