PLINK v1.90p 64-bit (13 Feb 2023)
Options in effect:
  --cm-map ../data/genetic_map_chr16_combined_b37.txt 16
  --extract ../height/variants.txt
  --keep ../eur_inds.txt
  --make-bed
  --out ../height/plink_files/chr16_cm
  --vcf ../vcf_files/chr16.vcf.gz

Hostname: DESKTOP-NH3FGR2
Working directory: /mnt/c/Users/Lingxiao Guan/Desktop/BIOSTAT 666/Final_Project/gwas_scripts
Start time: Sun Apr 21 01:21:25 2024

Random number seed: 1713676885
64183 MB RAM detected; reserving 32091 MB for main workspace.
--vcf: ../height/plink_files/chr16_cm-temporary.bed +
../height/plink_files/chr16_cm-temporary.bim +
../height/plink_files/chr16_cm-temporary.fam written.
1204760 variants loaded from .bim file.
1092 people (0 males, 0 females, 1092 ambiguous) loaded from .fam.
Ambiguous sex IDs written to ../height/plink_files/chr16_cm.nosex .
--cm-map: 1 chromosome updated.
--extract: 35114 variants remaining.
--keep: 378 people remaining.
Using 1 thread (no multithreaded calculations invoked).
Before main variant filters, 378 founders and 0 nonfounders present.
Calculating allele frequencies... done.
Total genotyping rate in remaining samples is exactly 1.
35114 variants and 378 people pass filters and QC.
Note: No phenotypes present.
--make-bed to ../height/plink_files/chr16_cm.bed +
../height/plink_files/chr16_cm.bim + ../height/plink_files/chr16_cm.fam ...
done.

End time: Sun Apr 21 01:21:46 2024
