PLINK v1.90p 64-bit (13 Feb 2023)
Options in effect:
  --cm-map ../data/genetic_map_chr12_combined_b37.txt 12
  --extract ../fasting/variants.txt
  --keep ../eur_inds.txt
  --make-bed
  --out ../fasting/plink_files/chr12_cm
  --vcf ../vcf_files/chr12.vcf.gz

Hostname: DESKTOP-NH3FGR2
Working directory: /mnt/c/Users/Lingxiao Guan/Desktop/BIOSTAT 666/Final_Project/gwas_scripts
Start time: Sun Apr 21 02:18:09 2024

Random number seed: 1713680289
64183 MB RAM detected; reserving 32091 MB for main workspace.
--vcf: ../fasting/plink_files/chr12_cm-temporary.bed +
../fasting/plink_files/chr12_cm-temporary.bim +
../fasting/plink_files/chr12_cm-temporary.fam written.
1819417 variants loaded from .bim file.
1092 people (0 males, 0 females, 1092 ambiguous) loaded from .fam.
Ambiguous sex IDs written to ../fasting/plink_files/chr12_cm.nosex .
--cm-map: 1 chromosome updated.
--extract: 57077 variants remaining.
--keep: 378 people remaining.
Using 1 thread (no multithreaded calculations invoked).
Before main variant filters, 378 founders and 0 nonfounders present.
Calculating allele frequencies... done.
Total genotyping rate in remaining samples is exactly 1.
57077 variants and 378 people pass filters and QC.
Note: No phenotypes present.
--make-bed to ../fasting/plink_files/chr12_cm.bed +
../fasting/plink_files/chr12_cm.bim + ../fasting/plink_files/chr12_cm.fam ...
done.

End time: Sun Apr 21 02:18:43 2024
