PLINK v1.90p 64-bit (13 Feb 2023)
Options in effect:
  --cm-map ../data/genetic_map_chr16_combined_b37.txt 16
  --extract ../cross/variants.txt
  --keep ../eur_inds.txt
  --make-bed
  --out ../cross/plink_files/chr16_cm
  --vcf ../vcf_files/chr16.vcf.gz

Hostname: DESKTOP-NH3FGR2
Working directory: /mnt/c/Users/Lingxiao Guan/Desktop/BIOSTAT 666/Final_Project/gwas_scripts
Start time: Sun Apr 21 02:55:26 2024

Random number seed: 1713682526
64183 MB RAM detected; reserving 32091 MB for main workspace.
--vcf: ../cross/plink_files/chr16_cm-temporary.bed +
../cross/plink_files/chr16_cm-temporary.bim +
../cross/plink_files/chr16_cm-temporary.fam written.
1204760 variants loaded from .bim file.
1092 people (0 males, 0 females, 1092 ambiguous) loaded from .fam.
Ambiguous sex IDs written to ../cross/plink_files/chr16_cm.nosex .
--cm-map: 1 chromosome updated.
--extract: 36707 variants remaining.
--keep: 378 people remaining.
Using 1 thread (no multithreaded calculations invoked).
Before main variant filters, 378 founders and 0 nonfounders present.
Calculating allele frequencies... done.
Total genotyping rate in remaining samples is exactly 1.
36707 variants and 378 people pass filters and QC.
Note: No phenotypes present.
--make-bed to ../cross/plink_files/chr16_cm.bed +
../cross/plink_files/chr16_cm.bim + ../cross/plink_files/chr16_cm.fam ... done.

End time: Sun Apr 21 02:55:48 2024
