PLINK v1.90p 64-bit (13 Feb 2023)
Options in effect:
  --cm-map ../data/genetic_map_chr12_combined_b37.txt 12
  --extract ../waist/variants.txt
  --keep ../eur_inds.txt
  --make-bed
  --out ../waist/plink_files/chr12_cm
  --vcf ../vcf_files/chr12.vcf.gz

Hostname: DESKTOP-NH3FGR2
Working directory: /mnt/c/Users/Lingxiao Guan/Desktop/BIOSTAT 666/Final_Project/gwas_scripts
Start time: Sun Apr 21 01:43:20 2024

Random number seed: 1713678200
64183 MB RAM detected; reserving 32091 MB for main workspace.
--vcf: ../waist/plink_files/chr12_cm-temporary.bed +
../waist/plink_files/chr12_cm-temporary.bim +
../waist/plink_files/chr12_cm-temporary.fam written.
1819417 variants loaded from .bim file.
1092 people (0 males, 0 females, 1092 ambiguous) loaded from .fam.
Ambiguous sex IDs written to ../waist/plink_files/chr12_cm.nosex .
--cm-map: 1 chromosome updated.
--extract: 56259 variants remaining.
--keep: 378 people remaining.
Using 1 thread (no multithreaded calculations invoked).
Before main variant filters, 378 founders and 0 nonfounders present.
Calculating allele frequencies... done.
Total genotyping rate in remaining samples is exactly 1.
56259 variants and 378 people pass filters and QC.
Note: No phenotypes present.
--make-bed to ../waist/plink_files/chr12_cm.bed +
../waist/plink_files/chr12_cm.bim + ../waist/plink_files/chr12_cm.fam ... done.

End time: Sun Apr 21 01:43:53 2024
