PLINK v1.90p 64-bit (13 Feb 2023)
Options in effect:
  --cm-map ../data/genetic_map_chr19_combined_b37.txt 19
  --extract ../waist/variants.txt
  --keep ../eur_inds.txt
  --make-bed
  --out ../waist/plink_files/chr19_cm
  --vcf ../vcf_files/chr19.vcf.gz

Hostname: DESKTOP-NH3FGR2
Working directory: /mnt/c/Users/Lingxiao Guan/Desktop/BIOSTAT 666/Final_Project/gwas_scripts
Start time: Sun Apr 21 01:46:03 2024

Random number seed: 1713678363
64183 MB RAM detected; reserving 32091 MB for main workspace.
--vcf: ../waist/plink_files/chr19_cm-temporary.bed +
../waist/plink_files/chr19_cm-temporary.bim +
../waist/plink_files/chr19_cm-temporary.fam written.
810993 variants loaded from .bim file.
1092 people (0 males, 0 females, 1092 ambiguous) loaded from .fam.
Ambiguous sex IDs written to ../waist/plink_files/chr19_cm.nosex .
--cm-map: 1 chromosome updated.
--extract: 15455 variants remaining.
--keep: 378 people remaining.
Using 1 thread (no multithreaded calculations invoked).
Before main variant filters, 378 founders and 0 nonfounders present.
Calculating allele frequencies... done.
Total genotyping rate in remaining samples is exactly 1.
15455 variants and 378 people pass filters and QC.
Note: No phenotypes present.
--make-bed to ../waist/plink_files/chr19_cm.bed +
../waist/plink_files/chr19_cm.bim + ../waist/plink_files/chr19_cm.fam ... done.

End time: Sun Apr 21 01:46:17 2024
