PLINK v1.90p 64-bit (13 Feb 2023)
Options in effect:
  --cm-map ../data/genetic_map_chr1_combined_b37.txt 1
  --extract ../depression/variants.txt
  --keep ../eur_inds.txt
  --make-bed
  --out ../depression/plink_files/chr1_cm
  --vcf ../vcf_files/chr1.vcf.gz

Hostname: DESKTOP-NH3FGR2
Working directory: /mnt/c/Users/Lingxiao Guan/Desktop/BIOSTAT 666/Final_Project/gwas_scripts
Start time: Sun Apr 21 02:33:23 2024

Random number seed: 1713681203
64183 MB RAM detected; reserving 32091 MB for main workspace.
--vcf: ../depression/plink_files/chr1_cm-temporary.bed +
../depression/plink_files/chr1_cm-temporary.bim +
../depression/plink_files/chr1_cm-temporary.fam written.
2992392 variants loaded from .bim file.
1092 people (0 males, 0 females, 1092 ambiguous) loaded from .fam.
Ambiguous sex IDs written to ../depression/plink_files/chr1_cm.nosex .
--cm-map: 1 chromosome updated.
--extract: 95769 variants remaining.
--keep: 378 people remaining.
Using 1 thread (no multithreaded calculations invoked).
Before main variant filters, 378 founders and 0 nonfounders present.
Calculating allele frequencies... done.
Total genotyping rate in remaining samples is exactly 1.
95769 variants and 378 people pass filters and QC.
Note: No phenotypes present.
--make-bed to ../depression/plink_files/chr1_cm.bed +
../depression/plink_files/chr1_cm.bim + ../depression/plink_files/chr1_cm.fam
... done.

End time: Sun Apr 21 02:34:17 2024
