PLINK v1.90p 64-bit (13 Feb 2023)
Options in effect:
  --cm-map ../data/genetic_map_chr21_combined_b37.txt 21
  --extract ../depression/variants.txt
  --keep ../eur_inds.txt
  --make-bed
  --out ../depression/plink_files/chr21_cm
  --vcf ../vcf_files/chr21.vcf.gz

Hostname: DESKTOP-NH3FGR2
Working directory: /mnt/c/Users/Lingxiao Guan/Desktop/BIOSTAT 666/Final_Project/gwas_scripts
Start time: Sun Apr 21 02:45:03 2024

Random number seed: 1713681903
64183 MB RAM detected; reserving 32091 MB for main workspace.
--vcf: ../depression/plink_files/chr21_cm-temporary.bed +
../depression/plink_files/chr21_cm-temporary.bim +
../depression/plink_files/chr21_cm-temporary.fam written.
515536 variants loaded from .bim file.
1092 people (0 males, 0 females, 1092 ambiguous) loaded from .fam.
Ambiguous sex IDs written to ../depression/plink_files/chr21_cm.nosex .
--cm-map: 1 chromosome updated.
--extract: 16119 variants remaining.
--keep: 378 people remaining.
Using 1 thread (no multithreaded calculations invoked).
Before main variant filters, 378 founders and 0 nonfounders present.
Calculating allele frequencies... done.
Total genotyping rate in remaining samples is exactly 1.
16119 variants and 378 people pass filters and QC.
Note: No phenotypes present.
--make-bed to ../depression/plink_files/chr21_cm.bed +
../depression/plink_files/chr21_cm.bim + ../depression/plink_files/chr21_cm.fam
... done.

End time: Sun Apr 21 02:45:12 2024
