PLINK v1.90p 64-bit (13 Feb 2023)
Options in effect:
  --cm-map data/genetic_map_chr19_combined_b37.txt 19
  --keep FIN_inds.txt
  --make-bed
  --out plink_files_FIN/chr19_cm
  --vcf vcf_files/chr19.vcf.gz

Hostname: DESKTOP-NH3FGR2
Working directory: /mnt/c/Users/Lingxiao Guan/Desktop/BIOSTAT 666/Final_Project
Start time: Fri Apr 19 00:25:53 2024

Random number seed: 1713500753
64183 MB RAM detected; reserving 32091 MB for main workspace.
--vcf: plink_files_FIN/chr19_cm-temporary.bed +
plink_files_FIN/chr19_cm-temporary.bim + plink_files_FIN/chr19_cm-temporary.fam
written.
810993 variants loaded from .bim file.
1092 people (0 males, 0 females, 1092 ambiguous) loaded from .fam.
Ambiguous sex IDs written to plink_files_FIN/chr19_cm.nosex .
--cm-map: 1 chromosome updated.
--keep: 93 people remaining.
Using 1 thread (no multithreaded calculations invoked).
Before main variant filters, 93 founders and 0 nonfounders present.
Calculating allele frequencies... done.
Total genotyping rate in remaining samples is exactly 1.
810993 variants and 93 people pass filters and QC.
Note: No phenotypes present.
--make-bed to plink_files_FIN/chr19_cm.bed + plink_files_FIN/chr19_cm.bim +
plink_files_FIN/chr19_cm.fam ... done.

End time: Fri Apr 19 00:26:13 2024
