PLINK v1.90p 64-bit (13 Feb 2023)
Options in effect:
  --cm-map data/genetic_map_chr22_combined_b37.txt 22
  --keep TSI_inds.txt
  --make-bed
  --out plink_files_TSI/chr22_cm
  --vcf vcf_files/chr22.vcf.gz

Hostname: DESKTOP-NH3FGR2
Working directory: /mnt/c/Users/Lingxiao Guan/Desktop/BIOSTAT 666/Final_Project
Start time: Fri Apr 19 00:11:20 2024

Random number seed: 1713499880
64183 MB RAM detected; reserving 32091 MB for main workspace.
--vcf: plink_files_TSI/chr22_cm-temporary.bed +
plink_files_TSI/chr22_cm-temporary.bim + plink_files_TSI/chr22_cm-temporary.fam
written.
491603 variants loaded from .bim file.
1092 people (0 males, 0 females, 1092 ambiguous) loaded from .fam.
Ambiguous sex IDs written to plink_files_TSI/chr22_cm.nosex .
--cm-map: 1 chromosome updated.
--keep: 98 people remaining.
Using 1 thread (no multithreaded calculations invoked).
Before main variant filters, 98 founders and 0 nonfounders present.
Calculating allele frequencies... done.
Total genotyping rate in remaining samples is in [0.9999995, 1).
491603 variants and 98 people pass filters and QC.
Note: No phenotypes present.
--make-bed to plink_files_TSI/chr22_cm.bed + plink_files_TSI/chr22_cm.bim +
plink_files_TSI/chr22_cm.fam ... done.

End time: Fri Apr 19 00:11:32 2024
