PLINK v1.90p 64-bit (13 Feb 2023)
Options in effect:
  --cm-map ../data/genetic_map_chr12_combined_b37.txt 12
  --extract ../Height/variants.txt
  --keep ../eur_inds.txt
  --make-bed
  --out ../Height/plink_files/chr12_cm
  --vcf ../vcf_files/chr12.vcf.gz

Hostname: DESKTOP-NH3FGR2
Working directory: /mnt/c/Users/Lingxiao Guan/Desktop/BIOSTAT 666/Final_Project/gwas_scripts
Start time: Sat Apr 20 21:47:41 2024

Random number seed: 1713664061
64183 MB RAM detected; reserving 32091 MB for main workspace.
--vcf: ../Height/plink_files/chr12_cm-temporary.bed +
../Height/plink_files/chr12_cm-temporary.bim +
../Height/plink_files/chr12_cm-temporary.fam written.
1819417 variants loaded from .bim file.
1092 people (0 males, 0 females, 1092 ambiguous) loaded from .fam.
Ambiguous sex IDs written to ../Height/plink_files/chr12_cm.nosex .
--cm-map: 1 chromosome updated.
--extract: 58603 variants remaining.
--keep: 378 people remaining.
Using 1 thread (no multithreaded calculations invoked).
Before main variant filters, 378 founders and 0 nonfounders present.
Calculating allele frequencies... done.
Total genotyping rate in remaining samples is exactly 1.
58603 variants and 378 people pass filters and QC.
Note: No phenotypes present.
--make-bed to ../Height/plink_files/chr12_cm.bed +
../Height/plink_files/chr12_cm.bim + ../Height/plink_files/chr12_cm.fam ...
done.

End time: Sat Apr 20 21:48:18 2024
