PLINK v1.90p 64-bit (13 Feb 2023)
Options in effect:
  --cm-map ../data/genetic_map_chr13_combined_b37.txt 13
  --extract ../Height/variants.txt
  --keep ../eur_inds.txt
  --make-bed
  --out ../Height/plink_files/chr13_cm
  --vcf ../vcf_files/chr13.vcf.gz

Hostname: DESKTOP-NH3FGR2
Working directory: /mnt/c/Users/Lingxiao Guan/Desktop/BIOSTAT 666/Final_Project/gwas_scripts
Start time: Sat Apr 20 21:48:19 2024

Random number seed: 1713664099
64183 MB RAM detected; reserving 32091 MB for main workspace.
--vcf: ../Height/plink_files/chr13_cm-temporary.bed +
../Height/plink_files/chr13_cm-temporary.bim +
../Height/plink_files/chr13_cm-temporary.fam written.
1367373 variants loaded from .bim file.
1092 people (0 males, 0 females, 1092 ambiguous) loaded from .fam.
Ambiguous sex IDs written to ../Height/plink_files/chr13_cm.nosex .
--cm-map: 1 chromosome updated.
--extract: 44306 variants remaining.
--keep: 378 people remaining.
Using 1 thread (no multithreaded calculations invoked).
Before main variant filters, 378 founders and 0 nonfounders present.
Calculating allele frequencies... done.
Total genotyping rate in remaining samples is exactly 1.
44306 variants and 378 people pass filters and QC.
Note: No phenotypes present.
--make-bed to ../Height/plink_files/chr13_cm.bed +
../Height/plink_files/chr13_cm.bim + ../Height/plink_files/chr13_cm.fam ...
done.

End time: Sat Apr 20 21:48:45 2024
