PLINK v1.90p 64-bit (13 Feb 2023)
Options in effect:
  --cm-map ../data/genetic_map_chr13_combined_b37.txt 13
  --extract ../education/variants.txt
  --keep ../eur_inds.txt
  --make-bed
  --out ../education/plink_files/chr13_cm
  --vcf ../vcf_files/chr13.vcf.gz

Hostname: DESKTOP-NH3FGR2
Working directory: /mnt/c/Users/Lingxiao Guan/Desktop/BIOSTAT 666/Final_Project/gwas_scripts
Start time: Sun Apr 21 01:55:29 2024

Random number seed: 1713678929
64183 MB RAM detected; reserving 32091 MB for main workspace.
--vcf: ../education/plink_files/chr13_cm-temporary.bed +
../education/plink_files/chr13_cm-temporary.bim +
../education/plink_files/chr13_cm-temporary.fam written.
1367373 variants loaded from .bim file.
1092 people (0 males, 0 females, 1092 ambiguous) loaded from .fam.
Ambiguous sex IDs written to ../education/plink_files/chr13_cm.nosex .
--cm-map: 1 chromosome updated.
--extract: 42186 variants remaining.
--keep: 378 people remaining.
Using 1 thread (no multithreaded calculations invoked).
Before main variant filters, 378 founders and 0 nonfounders present.
Calculating allele frequencies... done.
Total genotyping rate in remaining samples is exactly 1.
42186 variants and 378 people pass filters and QC.
Note: No phenotypes present.
--make-bed to ../education/plink_files/chr13_cm.bed +
../education/plink_files/chr13_cm.bim + ../education/plink_files/chr13_cm.fam
... done.

End time: Sun Apr 21 01:55:54 2024
