PLINK v1.90p 64-bit (13 Feb 2023)
Options in effect:
  --cm-map ../data/genetic_map_chr22_combined_b37.txt 22
  --extract ../scz/variants.txt
  --keep ../eur_inds.txt
  --make-bed
  --out ../scz/plink_files/chr22_cm
  --vcf ../vcf_files/chr22.vcf.gz

Hostname: DESKTOP-NH3FGR2
Working directory: /mnt/c/Users/Lingxiao Guan/Desktop/BIOSTAT 666/Final_Project/gwas_scripts
Start time: Sun Apr 21 03:32:18 2024

Random number seed: 1713684738
64183 MB RAM detected; reserving 32091 MB for main workspace.
--vcf: ../scz/plink_files/chr22_cm-temporary.bed +
../scz/plink_files/chr22_cm-temporary.bim +
../scz/plink_files/chr22_cm-temporary.fam written.
491603 variants loaded from .bim file.
1092 people (0 males, 0 females, 1092 ambiguous) loaded from .fam.
Ambiguous sex IDs written to ../scz/plink_files/chr22_cm.nosex .
--cm-map: 1 chromosome updated.
--extract: 15911 variants remaining.
--keep: 378 people remaining.
Using 1 thread (no multithreaded calculations invoked).
Before main variant filters, 378 founders and 0 nonfounders present.
Calculating allele frequencies... done.
Total genotyping rate in remaining samples is exactly 1.
15911 variants and 378 people pass filters and QC.
Note: No phenotypes present.
--make-bed to ../scz/plink_files/chr22_cm.bed + ../scz/plink_files/chr22_cm.bim
+ ../scz/plink_files/chr22_cm.fam ... done.

End time: Sun Apr 21 03:32:27 2024
